<?xml version="1.0" encoding="UTF-8"?>
<testsuite xmlns:xsi="http://www.w3.org/2001/XMLSchema-instance" xsi:noNamespaceSchemaLocation="https://maven.apache.org/surefire/maven-surefire-plugin/xsd/surefire-test-report-3.0.xsd" version="3.0" name="com.example.shortenuri.integration.UrlIntegrationTest" time="2.85" tests="13" errors="0" skipped="0" failures="0">
  <properties>
[...]
</properties>
  <testcase name="createShortUrl_WithCustomCode_Integration_Success" classname="com.example.shortenuri.integration.UrlIntegrationTest" time="0.5">
    <system-out><![CDATA[20:33:33.803 [main] INFO org.springframework.test.context.support.AnnotationConfigContextLoaderUtils -- Could not detect default configuration classes for test class [com.example.shortenuri.integration.UrlIntegrationTest]: UrlIntegrationTest does not declare any static, non-private, non-final, nested classes annotated with @Configuration.
20:33:33.852 [main] INFO org.springframework.boot.test.context.SpringBootTestContextBootstrapper -- Found @SpringBootConfiguration com.example.shortenuri.ShortenUriApplication for test class com.example.shortenuri.integration.UrlIntegrationTest

  .   ____          _            __ _ _
 /\\ / ___'_ __ _ _(_)_ __  __ _ \ \ \ \
( ( )\___ | '_ | '_| | '_ \/ _` | \ \ \ \
 \\/  ___)| |_)| | | | | || (_| |  ) ) ) )
  '  |____| .__|_| |_|_| |_\__, | / / / /
 =========|_|==============|___/=/_/_/_/
 :: Spring Boot ::                (v3.2.0)

2025-09-01T20:33:34.046+09:00  INFO 42491 --- [           main] c.e.s.integration.UrlIntegrationTest     : Starting UrlIntegrationTest using Java 17.0.9 with PID 42491 (started by junseong in /Users/junseong/Documents/workspace/shortenuri-api)
2025-09-01T20:33:34.046+09:00 DEBUG 42491 --- [           main] c.e.s.integration.UrlIntegrationTest     : Running with Spring Boot v3.2.0, Spring v6.1.1
2025-09-01T20:33:34.047+09:00  INFO 42491 --- [           main] c.e.s.integration.UrlIntegrationTest     : The following 1 profile is active: "test"
2025-09-01T20:33:34.055+09:00 DEBUG 42491 --- [           main] o.s.w.c.s.GenericWebApplicationContext   : Refreshing org.springframework.web.context.support.GenericWebApplicationContext@2ef8a8c3
2025-09-01T20:33:34.336+09:00  INFO 42491 --- [           main] .s.d.r.c.RepositoryConfigurationDelegate : Bootstrapping Spring Data JPA repositories in DEFAULT mode.
2025-09-01T20:33:34.363+09:00  INFO 42491 --- [           main] .s.d.r.c.RepositoryConfigurationDelegate : Finished Spring Data repository scanning in 22 ms. Found 1 JPA repository interface.
2025-09-01T20:33:34.417+09:00  INFO 42491 --- [           main] beddedDataSourceBeanFactoryPostProcessor : Replacing 'dataSource' DataSource bean with embedded version
2025-09-01T20:33:34.546+09:00  INFO 42491 --- [           main] o.s.j.d.e.EmbeddedDatabaseFactory        : Starting embedded database: url='jdbc:h2:mem:9e2fbfcb-ace8-48a8-a694-ff332d255f9c;DB_CLOSE_DELAY=-1;DB_CLOSE_ON_EXIT=false', username='sa'
2025-09-01T20:33:34.673+09:00  INFO 42491 --- [           main] o.hibernate.jpa.internal.util.LogHelper  : HHH000204: Processing PersistenceUnitInfo [name: default]
2025-09-01T20:33:34.704+09:00  INFO 42491 --- [           main] org.hibernate.Version                    : HHH000412: Hibernate ORM core version 6.3.1.Final
2025-09-01T20:33:34.723+09:00  INFO 42491 --- [           main] o.h.c.internal.RegionFactoryInitiator    : HHH000026: Second-level cache disabled
2025-09-01T20:33:34.825+09:00  INFO 42491 --- [           main] o.s.o.j.p.SpringPersistenceUnitInfo      : No LoadTimeWeaver setup: ignoring JPA class transformer
2025-09-01T20:33:34.850+09:00  WARN 42491 --- [           main] org.hibernate.orm.deprecation            : HHH90000025: H2Dialect does not need to be specified explicitly using 'hibernate.dialect' (remove the property setting and it will be selected by default)
2025-09-01T20:33:35.219+09:00  INFO 42491 --- [           main] o.h.e.t.j.p.i.JtaPlatformInitiator       : HHH000489: No JTA platform available (set 'hibernate.transaction.jta.platform' to enable JTA platform integration)
Hibernate: 
    drop table if exists urls cascade 
Hibernate: 
    create table urls (
        click_count bigint not null,
        created_at timestamp(6) not null,
        expires_at timestamp(6),
        id bigint generated by default as identity,
        original_url TEXT not null,
        short_code varchar(255) not null unique,
        primary key (id)
    )
2025-09-01T20:33:35.238+09:00  INFO 42491 --- [           main] j.LocalContainerEntityManagerFactoryBean : Initialized JPA EntityManagerFactory for persistence unit 'default'
2025-09-01T20:33:35.371+09:00  INFO 42491 --- [           main] o.s.d.j.r.query.QueryEnhancerFactory     : Hibernate is in classpath; If applicable, HQL parser will be used.
2025-09-01T20:33:35.708+09:00  WARN 42491 --- [           main] JpaBaseConfiguration$JpaWebConfiguration : spring.jpa.open-in-view is enabled by default. Therefore, database queries may be performed during view rendering. Explicitly configure spring.jpa.open-in-view to disable this warning
2025-09-01T20:33:35.750+09:00 DEBUG 42491 --- [           main] s.w.s.m.m.a.RequestMappingHandlerMapping : 6 mappings in 'requestMappingHandlerMapping'
2025-09-01T20:33:35.806+09:00 DEBUG 42491 --- [           main] o.s.w.s.handler.SimpleUrlHandlerMapping  : Patterns [/webjars/**, /**] in 'resourceHandlerMapping'
2025-09-01T20:33:35.826+09:00 DEBUG 42491 --- [           main] s.w.s.m.m.a.RequestMappingHandlerAdapter : ControllerAdvice beans: 0 @ModelAttribute, 0 @InitBinder, 1 RequestBodyAdvice, 1 ResponseBodyAdvice
2025-09-01T20:33:35.844+09:00 DEBUG 42491 --- [           main] .m.m.a.ExceptionHandlerExceptionResolver : ControllerAdvice beans: 1 @ExceptionHandler, 1 ResponseBodyAdvice
2025-09-01T20:33:35.873+09:00  INFO 42491 --- [           main] o.s.b.a.h2.H2ConsoleAutoConfiguration    : H2 console available at '/h2-console'. Database available at 'jdbc:h2:mem:9e2fbfcb-ace8-48a8-a694-ff332d255f9c'
2025-09-01T20:33:35.902+09:00  INFO 42491 --- [           main] c.e.s.integration.UrlIntegrationTest     : Started UrlIntegrationTest in 1.981 seconds (process running for 2.467)
2025-09-01T20:33:36.221+09:00  INFO 42491 --- [           main] o.s.b.t.m.w.SpringBootMockServletContext : Initializing Spring TestDispatcherServlet ''
2025-09-01T20:33:36.221+09:00  INFO 42491 --- [           main] o.s.t.web.servlet.TestDispatcherServlet  : Initializing Servlet ''
2025-09-01T20:33:36.222+09:00  INFO 42491 --- [           main] o.s.t.web.servlet.TestDispatcherServlet  : Completed initialization in 1 ms
Hibernate: 
    select
        u1_0.id,
        u1_0.click_count,
        u1_0.created_at,
        u1_0.expires_at,
        u1_0.original_url,
        u1_0.short_code 
    from
        urls u1_0
2025-09-01T20:33:36.302+09:00 DEBUG 42491 --- [           main] s.w.s.m.m.a.RequestMappingHandlerMapping : Mapped to com.example.shortenuri.controller.UrlController#createShortUrl(CreateUrlRequest)
2025-09-01T20:33:36.321+09:00 DEBUG 42491 --- [           main] m.m.a.RequestResponseBodyMethodProcessor : Read "application/json" to [com.example.shortenuri.dto.CreateUrlRequest@6bb2b8d4]
Hibernate: 
    select
        u1_0.id,
        u1_0.click_count,
        u1_0.created_at,
        u1_0.expires_at,
        u1_0.original_url,
        u1_0.short_code 
    from
        urls u1_0 
    where
        u1_0.original_url=?
Hibernate: 
    select
        u1_0.id 
    from
        urls u1_0 
    where
        u1_0.short_code=? 
    fetch
        first ? rows only
Hibernate: 
    insert 
    into
        urls
        (click_count, created_at, expires_at, original_url, short_code, id) 
    values
        (?, ?, ?, ?, ?, default)
2025-09-01T20:33:36.382+09:00 DEBUG 42491 --- [           main] o.s.w.s.m.m.a.HttpEntityMethodProcessor  : Using 'application/json', given [*/*] and supported [application/json, application/*+json]
2025-09-01T20:33:36.383+09:00 DEBUG 42491 --- [           main] o.s.w.s.m.m.a.HttpEntityMethodProcessor  : Writing [com.example.shortenuri.dto.CreateUrlResponse@491afa9b]
Hibernate: 
    select
        u1_0.id 
    from
        urls u1_0 
    where
        u1_0.short_code=? 
    fetch
        first ? rows only
]]></system-out>
  </testcase>
  <testcase name="deleteUrl_Integration_Success" classname="com.example.shortenuri.integration.UrlIntegrationTest" time="0.028">
    <system-out><![CDATA[2025-09-01T20:33:36.414+09:00  INFO 42491 --- [           main] o.s.b.t.m.w.SpringBootMockServletContext : Initializing Spring TestDispatcherServlet ''
2025-09-01T20:33:36.414+09:00  INFO 42491 --- [           main] o.s.t.web.servlet.TestDispatcherServlet  : Initializing Servlet ''
2025-09-01T20:33:36.414+09:00  INFO 42491 --- [           main] o.s.t.web.servlet.TestDispatcherServlet  : Completed initialization in 0 ms
Hibernate: 
    select
        u1_0.id,
        u1_0.click_count,
        u1_0.created_at,
        u1_0.expires_at,
        u1_0.original_url,
        u1_0.short_code 
    from
        urls u1_0
2025-09-01T20:33:36.416+09:00 DEBUG 42491 --- [           main] s.w.s.m.m.a.RequestMappingHandlerMapping : Mapped to com.example.shortenuri.controller.UrlController#createShortUrl(CreateUrlRequest)
2025-09-01T20:33:36.417+09:00 DEBUG 42491 --- [           main] m.m.a.RequestResponseBodyMethodProcessor : Read "application/json" to [com.example.shortenuri.dto.CreateUrlRequest@d3effcb]
Hibernate: 
    select
        u1_0.id,
        u1_0.click_count,
        u1_0.created_at,
        u1_0.expires_at,
        u1_0.original_url,
        u1_0.short_code 
    from
        urls u1_0 
    where
        u1_0.original_url=?
Hibernate: 
    select
        u1_0.id 
    from
        urls u1_0 
    where
        u1_0.short_code=? 
    fetch
        first ? rows only
Hibernate: 
    insert 
    into
        urls
        (click_count, created_at, expires_at, original_url, short_code, id) 
    values
        (?, ?, ?, ?, ?, default)
2025-09-01T20:33:36.421+09:00 DEBUG 42491 --- [           main] o.s.w.s.m.m.a.HttpEntityMethodProcessor  : Using 'application/json', given [*/*] and supported [application/json, application/*+json]
2025-09-01T20:33:36.421+09:00 DEBUG 42491 --- [           main] o.s.w.s.m.m.a.HttpEntityMethodProcessor  : Writing [com.example.shortenuri.dto.CreateUrlResponse@7d461450]
Hibernate: 
    select
        u1_0.id 
    from
        urls u1_0 
    where
        u1_0.short_code=? 
    fetch
        first ? rows only
2025-09-01T20:33:36.425+09:00 DEBUG 42491 --- [           main] s.w.s.m.m.a.RequestMappingHandlerMapping : Mapped to com.example.shortenuri.controller.UrlController#deleteUrl(String)
Hibernate: 
    select
        u1_0.id,
        u1_0.click_count,
        u1_0.created_at,
        u1_0.expires_at,
        u1_0.original_url,
        u1_0.short_code 
    from
        urls u1_0 
    where
        u1_0.short_code=?
2025-09-01T20:33:36.433+09:00 DEBUG 42491 --- [           main] o.s.w.s.m.m.a.HttpEntityMethodProcessor  : Using 'application/json', given [*/*] and supported [application/json, application/*+json]
2025-09-01T20:33:36.433+09:00 DEBUG 42491 --- [           main] o.s.w.s.m.m.a.HttpEntityMethodProcessor  : Nothing to write: null body
Hibernate: 
    delete 
    from
        urls 
    where
        id=?
Hibernate: 
    select
        u1_0.id 
    from
        urls u1_0 
    where
        u1_0.short_code=? 
    fetch
        first ? rows only
]]></system-out>
  </testcase>
  <testcase name="createShortUrl_InvalidUrlFormat_Integration_BadRequest" classname="com.example.shortenuri.integration.UrlIntegrationTest" time="0.014">
    <system-out><![CDATA[2025-09-01T20:33:36.442+09:00  INFO 42491 --- [           main] o.s.b.t.m.w.SpringBootMockServletContext : Initializing Spring TestDispatcherServlet ''
2025-09-01T20:33:36.442+09:00  INFO 42491 --- [           main] o.s.t.web.servlet.TestDispatcherServlet  : Initializing Servlet ''
2025-09-01T20:33:36.443+09:00  INFO 42491 --- [           main] o.s.t.web.servlet.TestDispatcherServlet  : Completed initialization in 1 ms
Hibernate: 
    select
        u1_0.id,
        u1_0.click_count,
        u1_0.created_at,
        u1_0.expires_at,
        u1_0.original_url,
        u1_0.short_code 
    from
        urls u1_0
2025-09-01T20:33:36.445+09:00 DEBUG 42491 --- [           main] s.w.s.m.m.a.RequestMappingHandlerMapping : Mapped to com.example.shortenuri.controller.UrlController#createShortUrl(CreateUrlRequest)
2025-09-01T20:33:36.445+09:00 DEBUG 42491 --- [           main] m.m.a.RequestResponseBodyMethodProcessor : Read "application/json" to [com.example.shortenuri.dto.CreateUrlRequest@10387d6d]
2025-09-01T20:33:36.451+09:00 DEBUG 42491 --- [           main] .m.m.a.ExceptionHandlerExceptionResolver : Using @ExceptionHandler com.example.shortenuri.exception.GlobalExceptionHandler#handleValidationExceptions(MethodArgumentNotValidException)
2025-09-01T20:33:36.452+09:00 DEBUG 42491 --- [           main] o.s.w.s.m.m.a.HttpEntityMethodProcessor  : Using 'application/json', given [*/*] and supported [application/json, application/*+json]
2025-09-01T20:33:36.452+09:00 DEBUG 42491 --- [           main] o.s.w.s.m.m.a.HttpEntityMethodProcessor  : Writing [{originalUrl=Invalid URL format}]
2025-09-01T20:33:36.453+09:00 DEBUG 42491 --- [           main] .m.m.a.ExceptionHandlerExceptionResolver : Resolved [org.springframework.web.bind.MethodArgumentNotValidException: Validation failed for argument [0] in public org.springframework.http.ResponseEntity<com.example.shortenuri.dto.CreateUrlResponse> com.example.shortenuri.controller.UrlController.createShortUrl(com.example.shortenuri.dto.CreateUrlRequest): [Field error in object 'createUrlRequest' on field 'originalUrl': rejected value [not-a-valid-url]; codes [Pattern.createUrlRequest.originalUrl,Pattern.originalUrl,Pattern.java.lang.String,Pattern]; arguments [org.springframework.context.support.DefaultMessageSourceResolvable: codes [createUrlRequest.originalUrl,originalUrl]; arguments []; default message [originalUrl],[Ljakarta.validation.constraints.Pattern$Flag;@54da9644,^(https?://)?([\da-z.-]+)\.([a-z.]{2,6})[/\w .-]*/?$]; default message [Invalid URL format]] ]
]]></system-out>
  </testcase>
  <testcase name="getUrlStats_Integration_Success" classname="com.example.shortenuri.integration.UrlIntegrationTest" time="0.015">
    <system-out><![CDATA[2025-09-01T20:33:36.457+09:00  INFO 42491 --- [           main] o.s.b.t.m.w.SpringBootMockServletContext : Initializing Spring TestDispatcherServlet ''
2025-09-01T20:33:36.457+09:00  INFO 42491 --- [           main] o.s.t.web.servlet.TestDispatcherServlet  : Initializing Servlet ''
2025-09-01T20:33:36.457+09:00  INFO 42491 --- [           main] o.s.t.web.servlet.TestDispatcherServlet  : Completed initialization in 0 ms
Hibernate: 
    select
        u1_0.id,
        u1_0.click_count,
        u1_0.created_at,
        u1_0.expires_at,
        u1_0.original_url,
        u1_0.short_code 
    from
        urls u1_0
2025-09-01T20:33:36.459+09:00 DEBUG 42491 --- [           main] s.w.s.m.m.a.RequestMappingHandlerMapping : Mapped to com.example.shortenuri.controller.UrlController#createShortUrl(CreateUrlRequest)
2025-09-01T20:33:36.459+09:00 DEBUG 42491 --- [           main] m.m.a.RequestResponseBodyMethodProcessor : Read "application/json" to [com.example.shortenuri.dto.CreateUrlRequest@3c657771]
Hibernate: 
    select
        u1_0.id,
        u1_0.click_count,
        u1_0.created_at,
        u1_0.expires_at,
        u1_0.original_url,
        u1_0.short_code 
    from
        urls u1_0 
    where
        u1_0.original_url=?
Hibernate: 
    select
        u1_0.id 
    from
        urls u1_0 
    where
        u1_0.short_code=? 
    fetch
        first ? rows only
Hibernate: 
    insert 
    into
        urls
        (click_count, created_at, expires_at, original_url, short_code, id) 
    values
        (?, ?, ?, ?, ?, default)
2025-09-01T20:33:36.463+09:00 DEBUG 42491 --- [           main] o.s.w.s.m.m.a.HttpEntityMethodProcessor  : Using 'application/json', given [*/*] and supported [application/json, application/*+json]
2025-09-01T20:33:36.463+09:00 DEBUG 42491 --- [           main] o.s.w.s.m.m.a.HttpEntityMethodProcessor  : Writing [com.example.shortenuri.dto.CreateUrlResponse@75b598a5]
2025-09-01T20:33:36.463+09:00 DEBUG 42491 --- [           main] s.w.s.m.m.a.RequestMappingHandlerMapping : Mapped to com.example.shortenuri.controller.UrlController#getUrlStats(String)
Hibernate: 
    select
        u1_0.id,
        u1_0.click_count,
        u1_0.created_at,
        u1_0.expires_at,
        u1_0.original_url,
        u1_0.short_code 
    from
        urls u1_0 
    where
        u1_0.short_code=?
2025-09-01T20:33:36.467+09:00 DEBUG 42491 --- [           main] o.s.w.s.m.m.a.HttpEntityMethodProcessor  : Using 'application/json', given [*/*] and supported [application/json, application/*+json]
2025-09-01T20:33:36.467+09:00 DEBUG 42491 --- [           main] o.s.w.s.m.m.a.HttpEntityMethodProcessor  : Writing [com.example.shortenuri.dto.UrlStatsResponse@64d128d0]
]]></system-out>
  </testcase>
  <testcase name="createShortUrl_InvalidRequest_Integration_BadRequest" classname="com.example.shortenuri.integration.UrlIntegrationTest" time="0.007">
    <system-out><![CDATA[2025-09-01T20:33:36.472+09:00  INFO 42491 --- [           main] o.s.b.t.m.w.SpringBootMockServletContext : Initializing Spring TestDispatcherServlet ''
2025-09-01T20:33:36.472+09:00  INFO 42491 --- [           main] o.s.t.web.servlet.TestDispatcherServlet  : Initializing Servlet ''
2025-09-01T20:33:36.472+09:00  INFO 42491 --- [           main] o.s.t.web.servlet.TestDispatcherServlet  : Completed initialization in 0 ms
Hibernate: 
    select
        u1_0.id,
        u1_0.click_count,
        u1_0.created_at,
        u1_0.expires_at,
        u1_0.original_url,
        u1_0.short_code 
    from
        urls u1_0
2025-09-01T20:33:36.474+09:00 DEBUG 42491 --- [           main] s.w.s.m.m.a.RequestMappingHandlerMapping : Mapped to com.example.shortenuri.controller.UrlController#createShortUrl(CreateUrlRequest)
2025-09-01T20:33:36.475+09:00 DEBUG 42491 --- [           main] m.m.a.RequestResponseBodyMethodProcessor : Read "application/json" to [com.example.shortenuri.dto.CreateUrlRequest@21b05a8a]
2025-09-01T20:33:36.476+09:00 DEBUG 42491 --- [           main] .m.m.a.ExceptionHandlerExceptionResolver : Using @ExceptionHandler com.example.shortenuri.exception.GlobalExceptionHandler#handleValidationExceptions(MethodArgumentNotValidException)
2025-09-01T20:33:36.476+09:00 DEBUG 42491 --- [           main] o.s.w.s.m.m.a.HttpEntityMethodProcessor  : Using 'application/json', given [*/*] and supported [application/json, application/*+json]
2025-09-01T20:33:36.476+09:00 DEBUG 42491 --- [           main] o.s.w.s.m.m.a.HttpEntityMethodProcessor  : Writing [{originalUrl=Invalid URL format}]
2025-09-01T20:33:36.476+09:00 DEBUG 42491 --- [           main] .m.m.a.ExceptionHandlerExceptionResolver : Resolved [org.springframework.web.bind.MethodArgumentNotValidException: Validation failed for argument [0] in public org.springframework.http.ResponseEntity<com.example.shortenuri.dto.CreateUrlResponse> com.example.shortenuri.controller.UrlController.createShortUrl(com.example.shortenuri.dto.CreateUrlRequest) with 2 errors: [Field error in object 'createUrlRequest' on field 'originalUrl': rejected value []; codes [NotBlank.createUrlRequest.originalUrl,NotBlank.originalUrl,NotBlank.java.lang.String,NotBlank]; arguments [org.springframework.context.support.DefaultMessageSourceResolvable: codes [createUrlRequest.originalUrl,originalUrl]; arguments []; default message [originalUrl]]; default message [Original URL is required]] [Field error in object 'createUrlRequest' on field 'originalUrl': rejected value []; codes [Pattern.createUrlRequest.originalUrl,Pattern.originalUrl,Pattern.java.lang.String,Pattern]; arguments [org.springframework.context.support.DefaultMessageSourceResolvable: codes [createUrlRequest.originalUrl,originalUrl]; arguments []; default message [originalUrl],[Ljakarta.validation.constraints.Pattern$Flag;@54da9644,^(https?://)?([\da-z.-]+)\.([a-z.]{2,6})[/\w .-]*/?$]; default message [Invalid URL format]] ]
]]></system-out>
  </testcase>
  <testcase name="createShortUrl_DuplicateOriginalUrl_Integration_ReturnsExisting" classname="com.example.shortenuri.integration.UrlIntegrationTest" time="0.011">
    <system-out><![CDATA[2025-09-01T20:33:36.479+09:00  INFO 42491 --- [           main] o.s.b.t.m.w.SpringBootMockServletContext : Initializing Spring TestDispatcherServlet ''
2025-09-01T20:33:36.479+09:00  INFO 42491 --- [           main] o.s.t.web.servlet.TestDispatcherServlet  : Initializing Servlet ''
2025-09-01T20:33:36.480+09:00  INFO 42491 --- [           main] o.s.t.web.servlet.TestDispatcherServlet  : Completed initialization in 1 ms
Hibernate: 
    select
        u1_0.id,
        u1_0.click_count,
        u1_0.created_at,
        u1_0.expires_at,
        u1_0.original_url,
        u1_0.short_code 
    from
        urls u1_0
2025-09-01T20:33:36.482+09:00 DEBUG 42491 --- [           main] s.w.s.m.m.a.RequestMappingHandlerMapping : Mapped to com.example.shortenuri.controller.UrlController#createShortUrl(CreateUrlRequest)
2025-09-01T20:33:36.482+09:00 DEBUG 42491 --- [           main] m.m.a.RequestResponseBodyMethodProcessor : Read "application/json" to [com.example.shortenuri.dto.CreateUrlRequest@5165783c]
Hibernate: 
    select
        u1_0.id,
        u1_0.click_count,
        u1_0.created_at,
        u1_0.expires_at,
        u1_0.original_url,
        u1_0.short_code 
    from
        urls u1_0 
    where
        u1_0.original_url=?
Hibernate: 
    select
        u1_0.id 
    from
        urls u1_0 
    where
        u1_0.short_code=? 
    fetch
        first ? rows only
Hibernate: 
    insert 
    into
        urls
        (click_count, created_at, expires_at, original_url, short_code, id) 
    values
        (?, ?, ?, ?, ?, default)
2025-09-01T20:33:36.485+09:00 DEBUG 42491 --- [           main] o.s.w.s.m.m.a.HttpEntityMethodProcessor  : Using 'application/json', given [*/*] and supported [application/json, application/*+json]
2025-09-01T20:33:36.485+09:00 DEBUG 42491 --- [           main] o.s.w.s.m.m.a.HttpEntityMethodProcessor  : Writing [com.example.shortenuri.dto.CreateUrlResponse@3a296643]
2025-09-01T20:33:36.486+09:00 DEBUG 42491 --- [           main] s.w.s.m.m.a.RequestMappingHandlerMapping : Mapped to com.example.shortenuri.controller.UrlController#createShortUrl(CreateUrlRequest)
2025-09-01T20:33:36.486+09:00 DEBUG 42491 --- [           main] m.m.a.RequestResponseBodyMethodProcessor : Read "application/json" to [com.example.shortenuri.dto.CreateUrlRequest@3443732a]
Hibernate: 
    select
        u1_0.id,
        u1_0.click_count,
        u1_0.created_at,
        u1_0.expires_at,
        u1_0.original_url,
        u1_0.short_code 
    from
        urls u1_0 
    where
        u1_0.original_url=?
2025-09-01T20:33:36.487+09:00 DEBUG 42491 --- [           main] o.s.w.s.m.m.a.HttpEntityMethodProcessor  : Using 'application/json', given [*/*] and supported [application/json, application/*+json]
2025-09-01T20:33:36.487+09:00 DEBUG 42491 --- [           main] o.s.w.s.m.m.a.HttpEntityMethodProcessor  : Writing [com.example.shortenuri.dto.CreateUrlResponse@7f2d681a]
]]></system-out>
  </testcase>
  <testcase name="redirectToOriginalUrl_NonExistentCode_Integration_NotFound" classname="com.example.shortenuri.integration.UrlIntegrationTest" time="0.005">
    <system-out><![CDATA[2025-09-01T20:33:36.491+09:00  INFO 42491 --- [           main] o.s.b.t.m.w.SpringBootMockServletContext : Initializing Spring TestDispatcherServlet ''
2025-09-01T20:33:36.491+09:00  INFO 42491 --- [           main] o.s.t.web.servlet.TestDispatcherServlet  : Initializing Servlet ''
2025-09-01T20:33:36.491+09:00  INFO 42491 --- [           main] o.s.t.web.servlet.TestDispatcherServlet  : Completed initialization in 0 ms
Hibernate: 
    select
        u1_0.id,
        u1_0.click_count,
        u1_0.created_at,
        u1_0.expires_at,
        u1_0.original_url,
        u1_0.short_code 
    from
        urls u1_0
2025-09-01T20:33:36.493+09:00 DEBUG 42491 --- [           main] s.w.s.m.m.a.RequestMappingHandlerMapping : Mapped to com.example.shortenuri.controller.UrlController#redirectToOriginalUrl(String, HttpServletResponse)
Hibernate: 
    select
        u1_0.id,
        u1_0.click_count,
        u1_0.created_at,
        u1_0.expires_at,
        u1_0.original_url,
        u1_0.short_code 
    from
        urls u1_0 
    where
        u1_0.short_code=?
]]></system-out>
  </testcase>
  <testcase name="createShortUrl_DuplicateCustomCode_Integration_BadRequest" classname="com.example.shortenuri.integration.UrlIntegrationTest" time="0.02">
    <system-out><![CDATA[2025-09-01T20:33:36.497+09:00  INFO 42491 --- [           main] o.s.b.t.m.w.SpringBootMockServletContext : Initializing Spring TestDispatcherServlet ''
2025-09-01T20:33:36.497+09:00  INFO 42491 --- [           main] o.s.t.web.servlet.TestDispatcherServlet  : Initializing Servlet ''
2025-09-01T20:33:36.498+09:00  INFO 42491 --- [           main] o.s.t.web.servlet.TestDispatcherServlet  : Completed initialization in 1 ms
Hibernate: 
    select
        u1_0.id,
        u1_0.click_count,
        u1_0.created_at,
        u1_0.expires_at,
        u1_0.original_url,
        u1_0.short_code 
    from
        urls u1_0
2025-09-01T20:33:36.499+09:00 DEBUG 42491 --- [           main] s.w.s.m.m.a.RequestMappingHandlerMapping : Mapped to com.example.shortenuri.controller.UrlController#createShortUrl(CreateUrlRequest)
2025-09-01T20:33:36.500+09:00 DEBUG 42491 --- [           main] m.m.a.RequestResponseBodyMethodProcessor : Read "application/json" to [com.example.shortenuri.dto.CreateUrlRequest@2ff9a06]
Hibernate: 
    select
        u1_0.id,
        u1_0.click_count,
        u1_0.created_at,
        u1_0.expires_at,
        u1_0.original_url,
        u1_0.short_code 
    from
        urls u1_0 
    where
        u1_0.original_url=?
Hibernate: 
    select
        u1_0.id 
    from
        urls u1_0 
    where
        u1_0.short_code=? 
    fetch
        first ? rows only
Hibernate: 
    insert 
    into
        urls
        (click_count, created_at, expires_at, original_url, short_code, id) 
    values
        (?, ?, ?, ?, ?, default)
2025-09-01T20:33:36.502+09:00 DEBUG 42491 --- [           main] o.s.w.s.m.m.a.HttpEntityMethodProcessor  : Using 'application/json', given [*/*] and supported [application/json, application/*+json]
2025-09-01T20:33:36.503+09:00 DEBUG 42491 --- [           main] o.s.w.s.m.m.a.HttpEntityMethodProcessor  : Writing [com.example.shortenuri.dto.CreateUrlResponse@4cc070c2]
2025-09-01T20:33:36.503+09:00 DEBUG 42491 --- [           main] s.w.s.m.m.a.RequestMappingHandlerMapping : Mapped to com.example.shortenuri.controller.UrlController#createShortUrl(CreateUrlRequest)
2025-09-01T20:33:36.504+09:00 DEBUG 42491 --- [           main] m.m.a.RequestResponseBodyMethodProcessor : Read "application/json" to [com.example.shortenuri.dto.CreateUrlRequest@53a74970]
Hibernate: 
    select
        u1_0.id,
        u1_0.click_count,
        u1_0.created_at,
        u1_0.expires_at,
        u1_0.original_url,
        u1_0.short_code 
    from
        urls u1_0 
    where
        u1_0.original_url=?
Hibernate: 
    select
        u1_0.id 
    from
        urls u1_0 
    where
        u1_0.short_code=? 
    fetch
        first ? rows only
2025-09-01T20:33:36.506+09:00 DEBUG 42491 --- [           main] o.s.w.s.m.m.a.HttpEntityMethodProcessor  : Using 'application/json', given [*/*] and supported [application/json, application/*+json]
2025-09-01T20:33:36.506+09:00 DEBUG 42491 --- [           main] o.s.w.s.m.m.a.HttpEntityMethodProcessor  : Nothing to write: null body
]]></system-out>
  </testcase>
  <testcase name="getUrlStats_NonExistentCode_Integration_NotFound" classname="com.example.shortenuri.integration.UrlIntegrationTest" time="0.006">
    <system-out><![CDATA[2025-09-01T20:33:36.518+09:00  INFO 42491 --- [           main] o.s.b.t.m.w.SpringBootMockServletContext : Initializing Spring TestDispatcherServlet ''
2025-09-01T20:33:36.518+09:00  INFO 42491 --- [           main] o.s.t.web.servlet.TestDispatcherServlet  : Initializing Servlet ''
2025-09-01T20:33:36.518+09:00  INFO 42491 --- [           main] o.s.t.web.servlet.TestDispatcherServlet  : Completed initialization in 0 ms
Hibernate: 
    select
        u1_0.id,
        u1_0.click_count,
        u1_0.created_at,
        u1_0.expires_at,
        u1_0.original_url,
        u1_0.short_code 
    from
        urls u1_0
2025-09-01T20:33:36.520+09:00 DEBUG 42491 --- [           main] s.w.s.m.m.a.RequestMappingHandlerMapping : Mapped to com.example.shortenuri.controller.UrlController#getUrlStats(String)
Hibernate: 
    select
        u1_0.id,
        u1_0.click_count,
        u1_0.created_at,
        u1_0.expires_at,
        u1_0.original_url,
        u1_0.short_code 
    from
        urls u1_0 
    where
        u1_0.short_code=?
2025-09-01T20:33:36.521+09:00 DEBUG 42491 --- [           main] o.s.w.s.m.m.a.HttpEntityMethodProcessor  : Using 'application/json', given [*/*] and supported [application/json, application/*+json]
2025-09-01T20:33:36.521+09:00 DEBUG 42491 --- [           main] o.s.w.s.m.m.a.HttpEntityMethodProcessor  : Nothing to write: null body
]]></system-out>
  </testcase>
  <testcase name="deleteUrl_NonExistentCode_Integration_NotFound" classname="com.example.shortenuri.integration.UrlIntegrationTest" time="0.005">
    <system-out><![CDATA[2025-09-01T20:33:36.524+09:00  INFO 42491 --- [           main] o.s.b.t.m.w.SpringBootMockServletContext : Initializing Spring TestDispatcherServlet ''
2025-09-01T20:33:36.524+09:00  INFO 42491 --- [           main] o.s.t.web.servlet.TestDispatcherServlet  : Initializing Servlet ''
2025-09-01T20:33:36.524+09:00  INFO 42491 --- [           main] o.s.t.web.servlet.TestDispatcherServlet  : Completed initialization in 0 ms
Hibernate: 
    select
        u1_0.id,
        u1_0.click_count,
        u1_0.created_at,
        u1_0.expires_at,
        u1_0.original_url,
        u1_0.short_code 
    from
        urls u1_0
2025-09-01T20:33:36.526+09:00 DEBUG 42491 --- [           main] s.w.s.m.m.a.RequestMappingHandlerMapping : Mapped to com.example.shortenuri.controller.UrlController#deleteUrl(String)
Hibernate: 
    select
        u1_0.id,
        u1_0.click_count,
        u1_0.created_at,
        u1_0.expires_at,
        u1_0.original_url,
        u1_0.short_code 
    from
        urls u1_0 
    where
        u1_0.short_code=?
2025-09-01T20:33:36.527+09:00 DEBUG 42491 --- [           main] o.s.w.s.m.m.a.HttpEntityMethodProcessor  : Using 'application/json', given [*/*] and supported [application/json, application/*+json]
2025-09-01T20:33:36.527+09:00 DEBUG 42491 --- [           main] o.s.w.s.m.m.a.HttpEntityMethodProcessor  : Nothing to write: null body
]]></system-out>
  </testcase>
  <testcase name="createShortUrl_WithExpiration_Integration_Success" classname="com.example.shortenuri.integration.UrlIntegrationTest" time="0.011">
    <system-out><![CDATA[2025-09-01T20:33:36.529+09:00  INFO 42491 --- [           main] o.s.b.t.m.w.SpringBootMockServletContext : Initializing Spring TestDispatcherServlet ''
2025-09-01T20:33:36.530+09:00  INFO 42491 --- [           main] o.s.t.web.servlet.TestDispatcherServlet  : Initializing Servlet ''
2025-09-01T20:33:36.530+09:00  INFO 42491 --- [           main] o.s.t.web.servlet.TestDispatcherServlet  : Completed initialization in 0 ms
Hibernate: 
    select
        u1_0.id,
        u1_0.click_count,
        u1_0.created_at,
        u1_0.expires_at,
        u1_0.original_url,
        u1_0.short_code 
    from
        urls u1_0
2025-09-01T20:33:36.532+09:00 DEBUG 42491 --- [           main] s.w.s.m.m.a.RequestMappingHandlerMapping : Mapped to com.example.shortenuri.controller.UrlController#createShortUrl(CreateUrlRequest)
2025-09-01T20:33:36.532+09:00 DEBUG 42491 --- [           main] m.m.a.RequestResponseBodyMethodProcessor : Read "application/json" to [com.example.shortenuri.dto.CreateUrlRequest@6ad703cd]
Hibernate: 
    select
        u1_0.id,
        u1_0.click_count,
        u1_0.created_at,
        u1_0.expires_at,
        u1_0.original_url,
        u1_0.short_code 
    from
        urls u1_0 
    where
        u1_0.original_url=?
Hibernate: 
    select
        u1_0.id 
    from
        urls u1_0 
    where
        u1_0.short_code=? 
    fetch
        first ? rows only
Hibernate: 
    insert 
    into
        urls
        (click_count, created_at, expires_at, original_url, short_code, id) 
    values
        (?, ?, ?, ?, ?, default)
2025-09-01T20:33:36.535+09:00 DEBUG 42491 --- [           main] o.s.w.s.m.m.a.HttpEntityMethodProcessor  : Using 'application/json', given [*/*] and supported [application/json, application/*+json]
2025-09-01T20:33:36.535+09:00 DEBUG 42491 --- [           main] o.s.w.s.m.m.a.HttpEntityMethodProcessor  : Writing [com.example.shortenuri.dto.CreateUrlResponse@30f929ff]
Hibernate: 
    select
        u1_0.id,
        u1_0.click_count,
        u1_0.created_at,
        u1_0.expires_at,
        u1_0.original_url,
        u1_0.short_code 
    from
        urls u1_0 
    where
        u1_0.original_url=?
Hibernate: 
    select
        u1_0.id,
        u1_0.click_count,
        u1_0.created_at,
        u1_0.expires_at,
        u1_0.original_url,
        u1_0.short_code 
    from
        urls u1_0 
    where
        u1_0.short_code=?
]]></system-out>
  </testcase>
  <testcase name="redirectToOriginalUrl_Integration_Success" classname="com.example.shortenuri.integration.UrlIntegrationTest" time="0.019">
    <system-out><![CDATA[2025-09-01T20:33:36.540+09:00  INFO 42491 --- [           main] o.s.b.t.m.w.SpringBootMockServletContext : Initializing Spring TestDispatcherServlet ''
2025-09-01T20:33:36.541+09:00  INFO 42491 --- [           main] o.s.t.web.servlet.TestDispatcherServlet  : Initializing Servlet ''
2025-09-01T20:33:36.541+09:00  INFO 42491 --- [           main] o.s.t.web.servlet.TestDispatcherServlet  : Completed initialization in 0 ms
Hibernate: 
    select
        u1_0.id,
        u1_0.click_count,
        u1_0.created_at,
        u1_0.expires_at,
        u1_0.original_url,
        u1_0.short_code 
    from
        urls u1_0
2025-09-01T20:33:36.543+09:00 DEBUG 42491 --- [           main] s.w.s.m.m.a.RequestMappingHandlerMapping : Mapped to com.example.shortenuri.controller.UrlController#createShortUrl(CreateUrlRequest)
2025-09-01T20:33:36.544+09:00 DEBUG 42491 --- [           main] m.m.a.RequestResponseBodyMethodProcessor : Read "application/json" to [com.example.shortenuri.dto.CreateUrlRequest@5135b459]
Hibernate: 
    select
        u1_0.id,
        u1_0.click_count,
        u1_0.created_at,
        u1_0.expires_at,
        u1_0.original_url,
        u1_0.short_code 
    from
        urls u1_0 
    where
        u1_0.original_url=?
Hibernate: 
    select
        u1_0.id 
    from
        urls u1_0 
    where
        u1_0.short_code=? 
    fetch
        first ? rows only
Hibernate: 
    insert 
    into
        urls
        (click_count, created_at, expires_at, original_url, short_code, id) 
    values
        (?, ?, ?, ?, ?, default)
2025-09-01T20:33:36.547+09:00 DEBUG 42491 --- [           main] o.s.w.s.m.m.a.HttpEntityMethodProcessor  : Using 'application/json', given [*/*] and supported [application/json, application/*+json]
2025-09-01T20:33:36.547+09:00 DEBUG 42491 --- [           main] o.s.w.s.m.m.a.HttpEntityMethodProcessor  : Writing [com.example.shortenuri.dto.CreateUrlResponse@27476b5f]
2025-09-01T20:33:36.547+09:00 DEBUG 42491 --- [           main] s.w.s.m.m.a.RequestMappingHandlerMapping : Mapped to com.example.shortenuri.controller.UrlController#redirectToOriginalUrl(String, HttpServletResponse)
Hibernate: 
    select
        u1_0.id,
        u1_0.click_count,
        u1_0.created_at,
        u1_0.expires_at,
        u1_0.original_url,
        u1_0.short_code 
    from
        urls u1_0 
    where
        u1_0.short_code=?
Hibernate: 
    select
        u1_0.id,
        u1_0.click_count,
        u1_0.created_at,
        u1_0.expires_at,
        u1_0.original_url,
        u1_0.short_code 
    from
        urls u1_0 
    where
        u1_0.short_code=?
Hibernate: 
    update
        urls 
    set
        click_count=?,
        created_at=?,
        expires_at=?,
        original_url=?,
        short_code=? 
    where
        id=?
Hibernate: 
    select
        u1_0.id,
        u1_0.click_count,
        u1_0.created_at,
        u1_0.expires_at,
        u1_0.original_url,
        u1_0.short_code 
    from
        urls u1_0 
    where
        u1_0.short_code=?
]]></system-out>
  </testcase>
  <testcase name="createShortUrl_Integration_Success" classname="com.example.shortenuri.integration.UrlIntegrationTest" time="0.009">
    <system-out><![CDATA[2025-09-01T20:33:36.559+09:00  INFO 42491 --- [           main] o.s.b.t.m.w.SpringBootMockServletContext : Initializing Spring TestDispatcherServlet ''
2025-09-01T20:33:36.559+09:00  INFO 42491 --- [           main] o.s.t.web.servlet.TestDispatcherServlet  : Initializing Servlet ''
2025-09-01T20:33:36.559+09:00  INFO 42491 --- [           main] o.s.t.web.servlet.TestDispatcherServlet  : Completed initialization in 0 ms
Hibernate: 
    select
        u1_0.id,
        u1_0.click_count,
        u1_0.created_at,
        u1_0.expires_at,
        u1_0.original_url,
        u1_0.short_code 
    from
        urls u1_0
2025-09-01T20:33:36.561+09:00 DEBUG 42491 --- [           main] s.w.s.m.m.a.RequestMappingHandlerMapping : Mapped to com.example.shortenuri.controller.UrlController#createShortUrl(CreateUrlRequest)
2025-09-01T20:33:36.561+09:00 DEBUG 42491 --- [           main] m.m.a.RequestResponseBodyMethodProcessor : Read "application/json" to [com.example.shortenuri.dto.CreateUrlRequest@728cef8e]
Hibernate: 
    select
        u1_0.id,
        u1_0.click_count,
        u1_0.created_at,
        u1_0.expires_at,
        u1_0.original_url,
        u1_0.short_code 
    from
        urls u1_0 
    where
        u1_0.original_url=?
Hibernate: 
    select
        u1_0.id 
    from
        urls u1_0 
    where
        u1_0.short_code=? 
    fetch
        first ? rows only
Hibernate: 
    insert 
    into
        urls
        (click_count, created_at, expires_at, original_url, short_code, id) 
    values
        (?, ?, ?, ?, ?, default)
2025-09-01T20:33:36.564+09:00 DEBUG 42491 --- [           main] o.s.w.s.m.m.a.HttpEntityMethodProcessor  : Using 'application/json', given [*/*] and supported [application/json, application/*+json]
2025-09-01T20:33:36.564+09:00 DEBUG 42491 --- [           main] o.s.w.s.m.m.a.HttpEntityMethodProcessor  : Writing [com.example.shortenuri.dto.CreateUrlResponse@6a8fa30a]
Hibernate: 
    select
        u1_0.id 
    from
        urls u1_0 
    where
        u1_0.short_code=? 
    fetch
        first ? rows only
Hibernate: 
    select
        u1_0.id,
        u1_0.click_count,
        u1_0.created_at,
        u1_0.expires_at,
        u1_0.original_url,
        u1_0.short_code 
    from
        urls u1_0 
    where
        u1_0.short_code=?
]]></system-out>
  </testcase>
</testsuite>